<?xml version="1.0" encoding="UTF-8"?>
<testng-results ignored="0" total="1" passed="1" failed="0" skipped="0">
  <reporter-output>
  </reporter-output>
  <suite started-at="2024-12-25T18:36:37 IST" name="Default suite" finished-at="2024-12-25T18:37:00 IST" duration-ms="23109">
    <groups>
    </groups>
    <test started-at="2024-12-25T18:36:37 IST" name="Default test" finished-at="2024-12-25T18:37:00 IST" duration-ms="23109">
      <class name="testPackage.TestClass">
        <test-method is-config="true" signature="setup()[pri:0, instance:testPackage.TestClass@51399530]" started-at="2024-12-25T18:36:37 IST" name="setup" finished-at="2024-12-25T18:36:53 IST" duration-ms="15952" status="PASS">
          <reporter-output>
          </reporter-output>
        </test-method> <!-- setup -->
        <test-method signature="practiceFormTest()[pri:0, instance:testPackage.TestClass@51399530]" started-at="2024-12-25T18:36:53 IST" name="practiceFormTest" finished-at="2024-12-25T18:37:00 IST" duration-ms="6781" status="PASS">
          <reporter-output>
          </reporter-output>
        </test-method> <!-- practiceFormTest -->
        <test-method is-config="true" signature="tearDown()[pri:0, instance:testPackage.TestClass@51399530]" started-at="2024-12-25T18:37:00 IST" name="tearDown" finished-at="2024-12-25T18:37:00 IST" duration-ms="315" status="PASS">
          <reporter-output>
          </reporter-output>
        </test-method> <!-- tearDown -->
      </class> <!-- testPackage.TestClass -->
    </test> <!-- Default test -->
  </suite> <!-- Default suite -->
</testng-results>
